[07-27 22:44:55]: [INFO] Created column 'regdate' and set the current timestamp, 1753656295270, to all 0 rows
[07-27 22:44:55]: [INFO] SQLite Setup finished
[07-27 22:44:55]: [INFO] No supported permissions system found! Permissions are disabled!
[07-27 22:44:55]: [WARN] WARNING! The protectInventory feature requires ProtocolLib! Disabling it...
[07-27 22:44:55]: [INFO] AuthMe 5.6.0 build n.CUSTOM successfully enabled!
[07-27 22:44:55]: [INFO] Downloading GEO IP database, because the old database is older than 30 days or doesn't exist
[07-27 22:44:55]: [WARN] No MaxMind credentials found in the configuration file! GeoIp protections will be disabled.
[07-27 22:44:55]: [INFO] There is no newer GEO IP database uploaded to MaxMind. Using the old one for now.
[07-27 22:44:55]: [WARN] Could not download GeoLiteAPI database [FileNotFoundException]: plugins/AuthMe/GeoLite2-Country.mmdb (No such file or directory)
[07-27 22:44:55]: java.io.FileNotFoundException: plugins/AuthMe/GeoLite2-Country.mmdb (No such file or directory)
	at java.base/java.io.RandomAccessFile.open0(Native Method)
	at java.base/java.io.RandomAccessFile.open(RandomAccessFile.java:356)
	at java.base/java.io.RandomAccessFile.<init>(RandomAccessFile.java:273)
	at java.base/java.io.RandomAccessFile.<init>(RandomAccessFile.java:223)
	at fr.xephi.authme.libs.com.maxmind.db.BufferHolder.<init>(BufferHolder.java:20)
	at fr.xephi.authme.libs.com.maxmind.db.Reader.<init>(Reader.java:121)
	at fr.xephi.authme.service.GeoIpService.startReading(GeoIpService.java:179)
	at fr.xephi.authme.service.GeoIpService.updateDatabase(GeoIpService.java:150)
	at org.bukkit.craftbukkit.v1_12_R1.scheduler.CraftTask.run(CraftTask.java:64)
	at org.bukkit.craftbukkit.v1_12_R1.scheduler.CraftAsyncTask.run(CraftAsyncTask.java:52)
	at com.destroystokyo.paper.ServerSchedulerReportingWrapper.run(ServerSchedulerReportingWrapper.java:22)
	at java.base/java.util.concurrent.ThreadPoolExecutor.runWorker(ThreadPoolExecutor.java:1144)
	at java.base/java.util.concurrent.ThreadPoolExecutor$Worker.run(ThreadPoolExecutor.java:642)
	at java.base/java.lang.Thread.run(Thread.java:1583)

[07-27 22:47:40]: [INFO] AuthMe 5.6.0-bCUSTOM disabled!
[07-27 22:48:03]: [INFO] SQLite Setup finished
[07-27 22:48:03]: [INFO] No supported permissions system found! Permissions are disabled!
[07-27 22:48:03]: [WARN] WARNING! The protectInventory feature requires ProtocolLib! Disabling it...
[07-27 22:48:03]: [INFO] AuthMe 5.6.0 build n.CUSTOM successfully enabled!
[07-27 22:48:03]: [INFO] Downloading GEO IP database, because the old database is older than 30 days or doesn't exist
[07-27 22:48:03]: [WARN] No MaxMind credentials found in the configuration file! GeoIp protections will be disabled.
[07-27 22:48:03]: [INFO] There is no newer GEO IP database uploaded to MaxMind. Using the old one for now.
[07-27 22:48:03]: [WARN] Could not download GeoLiteAPI database [FileNotFoundException]: plugins/AuthMe/GeoLite2-Country.mmdb (No such file or directory)
[07-27 22:48:03]: java.io.FileNotFoundException: plugins/AuthMe/GeoLite2-Country.mmdb (No such file or directory)
	at java.base/java.io.RandomAccessFile.open0(Native Method)
	at java.base/java.io.RandomAccessFile.open(RandomAccessFile.java:356)
	at java.base/java.io.RandomAccessFile.<init>(RandomAccessFile.java:273)
	at java.base/java.io.RandomAccessFile.<init>(RandomAccessFile.java:223)
	at fr.xephi.authme.libs.com.maxmind.db.BufferHolder.<init>(BufferHolder.java:20)
	at fr.xephi.authme.libs.com.maxmind.db.Reader.<init>(Reader.java:121)
	at fr.xephi.authme.service.GeoIpService.startReading(GeoIpService.java:179)
	at fr.xephi.authme.service.GeoIpService.updateDatabase(GeoIpService.java:150)
	at org.bukkit.craftbukkit.v1_12_R1.scheduler.CraftTask.run(CraftTask.java:64)
	at org.bukkit.craftbukkit.v1_12_R1.scheduler.CraftAsyncTask.run(CraftAsyncTask.java:52)
	at com.destroystokyo.paper.ServerSchedulerReportingWrapper.run(ServerSchedulerReportingWrapper.java:22)
	at java.base/java.util.concurrent.ThreadPoolExecutor.runWorker(ThreadPoolExecutor.java:1144)
	at java.base/java.util.concurrent.ThreadPoolExecutor$Worker.run(ThreadPoolExecutor.java:642)
	at java.base/java.lang.Thread.run(Thread.java:1583)

[07-27 22:50:43]: [FINE] Swizhs registered 0:0:0:0:0:0:0:1%0
[07-27 22:50:43]: [FINE] Swizhs logged in 0:0:0:0:0:0:0:1%0
[07-27 23:06:29]: [FINE] Swizhs logged in 0:0:0:0:0:0:0:1%0
[07-27 23:13:37]: [INFO] AuthMe 5.6.0-bCUSTOM disabled!
[07-28 01:01:00]: [INFO] SQLite Setup finished
[07-28 01:01:00]: [INFO] No supported permissions system found! Permissions are disabled!
[07-28 01:01:00]: [WARN] WARNING! The protectInventory feature requires ProtocolLib! Disabling it...
[07-28 01:01:00]: [INFO] AuthMe 5.6.0 build n.CUSTOM successfully enabled!
[07-28 01:01:00]: [INFO] Downloading GEO IP database, because the old database is older than 30 days or doesn't exist
[07-28 01:01:00]: [WARN] No MaxMind credentials found in the configuration file! GeoIp protections will be disabled.
[07-28 01:01:00]: [INFO] There is no newer GEO IP database uploaded to MaxMind. Using the old one for now.
[07-28 01:01:00]: [WARN] Could not download GeoLiteAPI database [FileNotFoundException]: plugins/AuthMe/GeoLite2-Country.mmdb (No such file or directory)
[07-28 01:01:00]: java.io.FileNotFoundException: plugins/AuthMe/GeoLite2-Country.mmdb (No such file or directory)
	at java.base/java.io.RandomAccessFile.open0(Native Method)
	at java.base/java.io.RandomAccessFile.open(RandomAccessFile.java:356)
	at java.base/java.io.RandomAccessFile.<init>(RandomAccessFile.java:273)
	at java.base/java.io.RandomAccessFile.<init>(RandomAccessFile.java:223)
	at fr.xephi.authme.libs.com.maxmind.db.BufferHolder.<init>(BufferHolder.java:20)
	at fr.xephi.authme.libs.com.maxmind.db.Reader.<init>(Reader.java:121)
	at fr.xephi.authme.service.GeoIpService.startReading(GeoIpService.java:179)
	at fr.xephi.authme.service.GeoIpService.updateDatabase(GeoIpService.java:150)
	at org.bukkit.craftbukkit.v1_12_R1.scheduler.CraftTask.run(CraftTask.java:64)
	at org.bukkit.craftbukkit.v1_12_R1.scheduler.CraftAsyncTask.run(CraftAsyncTask.java:52)
	at com.destroystokyo.paper.ServerSchedulerReportingWrapper.run(ServerSchedulerReportingWrapper.java:22)
	at java.base/java.util.concurrent.ThreadPoolExecutor.runWorker(ThreadPoolExecutor.java:1144)
	at java.base/java.util.concurrent.ThreadPoolExecutor$Worker.run(ThreadPoolExecutor.java:642)
	at java.base/java.lang.Thread.run(Thread.java:1583)

[07-28 01:02:19]: [FINE] Swizhs logged in 0:0:0:0:0:0:0:1%0
[07-28 01:11:36]: [FINE] Swizhs logged in 0:0:0:0:0:0:0:1%0
[07-28 01:13:34]: [INFO] AuthMe 5.6.0-bCUSTOM disabled!
[07-28 01:13:56]: [INFO] SQLite Setup finished
[07-28 01:13:56]: [INFO] No supported permissions system found! Permissions are disabled!
[07-28 01:13:56]: [WARN] WARNING! The protectInventory feature requires ProtocolLib! Disabling it...
[07-28 01:13:56]: [INFO] AuthMe 5.6.0 build n.CUSTOM successfully enabled!
[07-28 01:13:56]: [INFO] Downloading GEO IP database, because the old database is older than 30 days or doesn't exist
[07-28 01:13:56]: [WARN] No MaxMind credentials found in the configuration file! GeoIp protections will be disabled.
[07-28 01:13:56]: [INFO] There is no newer GEO IP database uploaded to MaxMind. Using the old one for now.
[07-28 01:13:56]: [WARN] Could not download GeoLiteAPI database [FileNotFoundException]: plugins/AuthMe/GeoLite2-Country.mmdb (No such file or directory)
[07-28 01:13:56]: java.io.FileNotFoundException: plugins/AuthMe/GeoLite2-Country.mmdb (No such file or directory)
	at java.base/java.io.RandomAccessFile.open0(Native Method)
	at java.base/java.io.RandomAccessFile.open(RandomAccessFile.java:356)
	at java.base/java.io.RandomAccessFile.<init>(RandomAccessFile.java:273)
	at java.base/java.io.RandomAccessFile.<init>(RandomAccessFile.java:223)
	at fr.xephi.authme.libs.com.maxmind.db.BufferHolder.<init>(BufferHolder.java:20)
	at fr.xephi.authme.libs.com.maxmind.db.Reader.<init>(Reader.java:121)
	at fr.xephi.authme.service.GeoIpService.startReading(GeoIpService.java:179)
	at fr.xephi.authme.service.GeoIpService.updateDatabase(GeoIpService.java:150)
	at org.bukkit.craftbukkit.v1_12_R1.scheduler.CraftTask.run(CraftTask.java:64)
	at org.bukkit.craftbukkit.v1_12_R1.scheduler.CraftAsyncTask.run(CraftAsyncTask.java:52)
	at com.destroystokyo.paper.ServerSchedulerReportingWrapper.run(ServerSchedulerReportingWrapper.java:22)
	at java.base/java.util.concurrent.ThreadPoolExecutor.runWorker(ThreadPoolExecutor.java:1144)
	at java.base/java.util.concurrent.ThreadPoolExecutor$Worker.run(ThreadPoolExecutor.java:642)
	at java.base/java.lang.Thread.run(Thread.java:1583)

[07-28 01:27:05]: [FINE] Swizhs logged in 0:0:0:0:0:0:0:1%0
[07-28 16:19:46]: [INFO] SQLite Setup finished
[07-28 16:19:46]: [INFO] No supported permissions system found! Permissions are disabled!
[07-28 16:19:47]: [WARN] WARNING! The protectInventory feature requires ProtocolLib! Disabling it...
[07-28 16:19:47]: [INFO] AuthMe 5.6.0 build n.CUSTOM successfully enabled!
[07-28 16:19:47]: [INFO] Downloading GEO IP database, because the old database is older than 30 days or doesn't exist
[07-28 16:19:47]: [WARN] No MaxMind credentials found in the configuration file! GeoIp protections will be disabled.
[07-28 16:19:47]: [INFO] There is no newer GEO IP database uploaded to MaxMind. Using the old one for now.
[07-28 16:19:47]: [WARN] Could not download GeoLiteAPI database [FileNotFoundException]: plugins/AuthMe/GeoLite2-Country.mmdb (No such file or directory)
[07-28 16:19:47]: java.io.FileNotFoundException: plugins/AuthMe/GeoLite2-Country.mmdb (No such file or directory)
	at java.base/java.io.RandomAccessFile.open0(Native Method)
	at java.base/java.io.RandomAccessFile.open(RandomAccessFile.java:356)
	at java.base/java.io.RandomAccessFile.<init>(RandomAccessFile.java:273)
	at java.base/java.io.RandomAccessFile.<init>(RandomAccessFile.java:223)
	at fr.xephi.authme.libs.com.maxmind.db.BufferHolder.<init>(BufferHolder.java:20)
	at fr.xephi.authme.libs.com.maxmind.db.Reader.<init>(Reader.java:121)
	at fr.xephi.authme.service.GeoIpService.startReading(GeoIpService.java:179)
	at fr.xephi.authme.service.GeoIpService.updateDatabase(GeoIpService.java:150)
	at org.bukkit.craftbukkit.v1_12_R1.scheduler.CraftTask.run(CraftTask.java:64)
	at org.bukkit.craftbukkit.v1_12_R1.scheduler.CraftAsyncTask.run(CraftAsyncTask.java:52)
	at com.destroystokyo.paper.ServerSchedulerReportingWrapper.run(ServerSchedulerReportingWrapper.java:22)
	at java.base/java.util.concurrent.ThreadPoolExecutor.runWorker(ThreadPoolExecutor.java:1144)
	at java.base/java.util.concurrent.ThreadPoolExecutor$Worker.run(ThreadPoolExecutor.java:642)
	at java.base/java.lang.Thread.run(Thread.java:1583)

[07-28 16:23:10]: [FINE] Swizhs logged in 0:0:0:0:0:0:0:1%0
[07-28 16:23:32]: [INFO] AuthMe 5.6.0-bCUSTOM disabled!
[07-28 16:29:48]: [INFO] SQLite Setup finished
[07-28 16:29:48]: [INFO] No supported permissions system found! Permissions are disabled!
[07-28 16:29:48]: [WARN] WARNING! The protectInventory feature requires ProtocolLib! Disabling it...
[07-28 16:29:48]: [INFO] AuthMe 5.6.0 build n.CUSTOM successfully enabled!
[07-28 16:29:48]: [INFO] Downloading GEO IP database, because the old database is older than 30 days or doesn't exist
[07-28 16:29:48]: [WARN] No MaxMind credentials found in the configuration file! GeoIp protections will be disabled.
[07-28 16:29:48]: [INFO] There is no newer GEO IP database uploaded to MaxMind. Using the old one for now.
[07-28 16:29:48]: [WARN] Could not download GeoLiteAPI database [FileNotFoundException]: plugins/AuthMe/GeoLite2-Country.mmdb (No such file or directory)
[07-28 16:29:48]: java.io.FileNotFoundException: plugins/AuthMe/GeoLite2-Country.mmdb (No such file or directory)
	at java.base/java.io.RandomAccessFile.open0(Native Method)
	at java.base/java.io.RandomAccessFile.open(RandomAccessFile.java:356)
	at java.base/java.io.RandomAccessFile.<init>(RandomAccessFile.java:273)
	at java.base/java.io.RandomAccessFile.<init>(RandomAccessFile.java:223)
	at fr.xephi.authme.libs.com.maxmind.db.BufferHolder.<init>(BufferHolder.java:20)
	at fr.xephi.authme.libs.com.maxmind.db.Reader.<init>(Reader.java:121)
	at fr.xephi.authme.service.GeoIpService.startReading(GeoIpService.java:179)
	at fr.xephi.authme.service.GeoIpService.updateDatabase(GeoIpService.java:150)
	at org.bukkit.craftbukkit.v1_12_R1.scheduler.CraftTask.run(CraftTask.java:64)
	at org.bukkit.craftbukkit.v1_12_R1.scheduler.CraftAsyncTask.run(CraftAsyncTask.java:52)
	at com.destroystokyo.paper.ServerSchedulerReportingWrapper.run(ServerSchedulerReportingWrapper.java:22)
	at java.base/java.util.concurrent.ThreadPoolExecutor.runWorker(ThreadPoolExecutor.java:1144)
	at java.base/java.util.concurrent.ThreadPoolExecutor$Worker.run(ThreadPoolExecutor.java:642)
	at java.base/java.lang.Thread.run(Thread.java:1583)

[07-28 16:31:31]: [FINE] Swizhs logged in 0:0:0:0:0:0:0:1%0
[07-28 16:37:04]: [FINE] Swizhs logged in 0:0:0:0:0:0:0:1%0
[07-28 16:39:34]: [INFO] AuthMe 5.6.0-bCUSTOM disabled!
[07-28 16:57:32]: [INFO] SQLite Setup finished
[07-28 16:57:32]: [INFO] No supported permissions system found! Permissions are disabled!
[07-28 16:57:32]: [WARN] WARNING! The protectInventory feature requires ProtocolLib! Disabling it...
[07-28 16:57:32]: [INFO] AuthMe 5.6.0 build n.CUSTOM successfully enabled!
[07-28 16:57:33]: [INFO] Downloading GEO IP database, because the old database is older than 30 days or doesn't exist
[07-28 16:57:33]: [WARN] No MaxMind credentials found in the configuration file! GeoIp protections will be disabled.
[07-28 16:57:33]: [INFO] There is no newer GEO IP database uploaded to MaxMind. Using the old one for now.
[07-28 16:57:33]: [WARN] Could not download GeoLiteAPI database [FileNotFoundException]: plugins/AuthMe/GeoLite2-Country.mmdb (No such file or directory)
[07-28 16:57:33]: java.io.FileNotFoundException: plugins/AuthMe/GeoLite2-Country.mmdb (No such file or directory)
	at java.base/java.io.RandomAccessFile.open0(Native Method)
	at java.base/java.io.RandomAccessFile.open(RandomAccessFile.java:356)
	at java.base/java.io.RandomAccessFile.<init>(RandomAccessFile.java:273)
	at java.base/java.io.RandomAccessFile.<init>(RandomAccessFile.java:223)
	at fr.xephi.authme.libs.com.maxmind.db.BufferHolder.<init>(BufferHolder.java:20)
	at fr.xephi.authme.libs.com.maxmind.db.Reader.<init>(Reader.java:121)
	at fr.xephi.authme.service.GeoIpService.startReading(GeoIpService.java:179)
	at fr.xephi.authme.service.GeoIpService.updateDatabase(GeoIpService.java:150)
	at org.bukkit.craftbukkit.v1_12_R1.scheduler.CraftTask.run(CraftTask.java:64)
	at org.bukkit.craftbukkit.v1_12_R1.scheduler.CraftAsyncTask.run(CraftAsyncTask.java:52)
	at com.destroystokyo.paper.ServerSchedulerReportingWrapper.run(ServerSchedulerReportingWrapper.java:22)
	at java.base/java.util.concurrent.ThreadPoolExecutor.runWorker(ThreadPoolExecutor.java:1144)
	at java.base/java.util.concurrent.ThreadPoolExecutor$Worker.run(ThreadPoolExecutor.java:642)
	at java.base/java.lang.Thread.run(Thread.java:1583)

[07-28 16:57:58]: [INFO] AuthMe 5.6.0-bCUSTOM disabled!
[07-28 16:58:08]: [INFO] SQLite Setup finished
[07-28 16:58:08]: [INFO] No supported permissions system found! Permissions are disabled!
[07-28 16:58:08]: [WARN] WARNING! The protectInventory feature requires ProtocolLib! Disabling it...
[07-28 16:58:08]: [INFO] AuthMe 5.6.0 build n.CUSTOM successfully enabled!
[07-28 16:58:08]: [INFO] Downloading GEO IP database, because the old database is older than 30 days or doesn't exist
[07-28 16:58:08]: [WARN] No MaxMind credentials found in the configuration file! GeoIp protections will be disabled.
[07-28 16:58:08]: [INFO] There is no newer GEO IP database uploaded to MaxMind. Using the old one for now.
[07-28 16:58:08]: [WARN] Could not download GeoLiteAPI database [FileNotFoundException]: plugins/AuthMe/GeoLite2-Country.mmdb (No such file or directory)
[07-28 16:58:08]: java.io.FileNotFoundException: plugins/AuthMe/GeoLite2-Country.mmdb (No such file or directory)
	at java.base/java.io.RandomAccessFile.open0(Native Method)
	at java.base/java.io.RandomAccessFile.open(RandomAccessFile.java:356)
	at java.base/java.io.RandomAccessFile.<init>(RandomAccessFile.java:273)
	at java.base/java.io.RandomAccessFile.<init>(RandomAccessFile.java:223)
	at fr.xephi.authme.libs.com.maxmind.db.BufferHolder.<init>(BufferHolder.java:20)
	at fr.xephi.authme.libs.com.maxmind.db.Reader.<init>(Reader.java:121)
	at fr.xephi.authme.service.GeoIpService.startReading(GeoIpService.java:179)
	at fr.xephi.authme.service.GeoIpService.updateDatabase(GeoIpService.java:150)
	at org.bukkit.craftbukkit.v1_12_R1.scheduler.CraftTask.run(CraftTask.java:64)
	at org.bukkit.craftbukkit.v1_12_R1.scheduler.CraftAsyncTask.run(CraftAsyncTask.java:52)
	at com.destroystokyo.paper.ServerSchedulerReportingWrapper.run(ServerSchedulerReportingWrapper.java:22)
	at java.base/java.util.concurrent.ThreadPoolExecutor.runWorker(ThreadPoolExecutor.java:1144)
	at java.base/java.util.concurrent.ThreadPoolExecutor$Worker.run(ThreadPoolExecutor.java:642)
	at java.base/java.lang.Thread.run(Thread.java:1583)

[07-28 17:06:23]: [INFO] AuthMe 5.6.0-bCUSTOM disabled!
[07-28 17:06:46]: [INFO] SQLite Setup finished
[07-28 17:06:46]: [INFO] No supported permissions system found! Permissions are disabled!
[07-28 17:06:46]: [WARN] WARNING! The protectInventory feature requires ProtocolLib! Disabling it...
[07-28 17:06:46]: [INFO] AuthMe 5.6.0 build n.CUSTOM successfully enabled!
[07-28 17:06:47]: [INFO] Downloading GEO IP database, because the old database is older than 30 days or doesn't exist
[07-28 17:06:47]: [WARN] No MaxMind credentials found in the configuration file! GeoIp protections will be disabled.
[07-28 17:06:47]: [INFO] There is no newer GEO IP database uploaded to MaxMind. Using the old one for now.
[07-28 17:06:47]: [WARN] Could not download GeoLiteAPI database [FileNotFoundException]: plugins/AuthMe/GeoLite2-Country.mmdb (No such file or directory)
[07-28 17:06:47]: java.io.FileNotFoundException: plugins/AuthMe/GeoLite2-Country.mmdb (No such file or directory)
	at java.base/java.io.RandomAccessFile.open0(Native Method)
	at java.base/java.io.RandomAccessFile.open(RandomAccessFile.java:356)
	at java.base/java.io.RandomAccessFile.<init>(RandomAccessFile.java:273)
	at java.base/java.io.RandomAccessFile.<init>(RandomAccessFile.java:223)
	at fr.xephi.authme.libs.com.maxmind.db.BufferHolder.<init>(BufferHolder.java:20)
	at fr.xephi.authme.libs.com.maxmind.db.Reader.<init>(Reader.java:121)
	at fr.xephi.authme.service.GeoIpService.startReading(GeoIpService.java:179)
	at fr.xephi.authme.service.GeoIpService.updateDatabase(GeoIpService.java:150)
	at org.bukkit.craftbukkit.v1_12_R1.scheduler.CraftTask.run(CraftTask.java:64)
	at org.bukkit.craftbukkit.v1_12_R1.scheduler.CraftAsyncTask.run(CraftAsyncTask.java:52)
	at com.destroystokyo.paper.ServerSchedulerReportingWrapper.run(ServerSchedulerReportingWrapper.java:22)
	at java.base/java.util.concurrent.ThreadPoolExecutor.runWorker(ThreadPoolExecutor.java:1144)
	at java.base/java.util.concurrent.ThreadPoolExecutor$Worker.run(ThreadPoolExecutor.java:642)
	at java.base/java.lang.Thread.run(Thread.java:1583)

[07-28 17:07:36]: [INFO] AuthMe 5.6.0-bCUSTOM disabled!
[08-07 03:38:51]: [INFO] SQLite Setup finished
[08-07 03:38:51]: [INFO] No supported permissions system found! Permissions are disabled!
[08-07 03:38:51]: [WARN] WARNING! The protectInventory feature requires ProtocolLib! Disabling it...
[08-07 03:38:51]: [INFO] AuthMe 5.6.0 build n.CUSTOM successfully enabled!
[08-07 03:38:55]: [INFO] Downloading GEO IP database, because the old database is older than 30 days or doesn't exist
[08-07 03:38:55]: [WARN] No MaxMind credentials found in the configuration file! GeoIp protections will be disabled.
[08-07 03:38:55]: [INFO] There is no newer GEO IP database uploaded to MaxMind. Using the old one for now.
[08-07 03:38:55]: [WARN] Could not download GeoLiteAPI database [FileNotFoundException]: plugins/AuthMe/GeoLite2-Country.mmdb (No such file or directory)
[08-07 03:38:55]: java.io.FileNotFoundException: plugins/AuthMe/GeoLite2-Country.mmdb (No such file or directory)
	at java.base/java.io.RandomAccessFile.open0(Native Method)
	at java.base/java.io.RandomAccessFile.open(RandomAccessFile.java:356)
	at java.base/java.io.RandomAccessFile.<init>(RandomAccessFile.java:273)
	at java.base/java.io.RandomAccessFile.<init>(RandomAccessFile.java:223)
	at fr.xephi.authme.libs.com.maxmind.db.BufferHolder.<init>(BufferHolder.java:20)
	at fr.xephi.authme.libs.com.maxmind.db.Reader.<init>(Reader.java:121)
	at fr.xephi.authme.service.GeoIpService.startReading(GeoIpService.java:179)
	at fr.xephi.authme.service.GeoIpService.updateDatabase(GeoIpService.java:150)
	at org.bukkit.craftbukkit.v1_12_R1.scheduler.CraftTask.run(CraftTask.java:64)
	at org.bukkit.craftbukkit.v1_12_R1.scheduler.CraftAsyncTask.run(CraftAsyncTask.java:52)
	at com.destroystokyo.paper.ServerSchedulerReportingWrapper.run(ServerSchedulerReportingWrapper.java:22)
	at java.base/java.util.concurrent.ThreadPoolExecutor.runWorker(ThreadPoolExecutor.java:1144)
	at java.base/java.util.concurrent.ThreadPoolExecutor$Worker.run(ThreadPoolExecutor.java:642)
	at java.base/java.lang.Thread.run(Thread.java:1583)

